🚀 Starting ML Forecast SaaS Application...
📦 Starting Backend API on port 8000...
✅ Virtual environment activated
INFO:     Will watch for changes in these directories: ['/media/ibadat/NewVolume/DATA SCIENCE/ML/DATASCIENCE PROJECTS/Demand Sales Walmart Forecasting/ml-forecast-saas/backend']
INFO:     Uvicorn running on http://0.0.0.0:8000 (Press CTRL+C to quit)
INFO:     Started reloader process [1406276] using WatchFiles
Process SpawnProcess-1:
Traceback (most recent call last):
  File "/home/ibadat/miniconda3/lib/python3.13/multiprocessing/process.py", line 313, in _bootstrap
    self.run()
    ~~~~~~~~^^
  File "/home/ibadat/miniconda3/lib/python3.13/multiprocessing/process.py", line 108, in run
    self._target(*self._args, **self._kwargs)
    ~~~~~~~~~~~~^^^^^^^^^^^^^^^^^^^^^^^^^^^^^
  File "/media/ibadat/NewVolume/DATA SCIENCE/ML/DATASCIENCE PROJECTS/Demand Sales Walmart Forecasting/ml-forecast-saas/backend/venv/lib/python3.13/site-packages/uvicorn/_subprocess.py", line 80, in subprocess_started
    target(sockets=sockets)
    ~~~~~~^^^^^^^^^^^^^^^^^
  File "/media/ibadat/NewVolume/DATA SCIENCE/ML/DATASCIENCE PROJECTS/Demand Sales Walmart Forecasting/ml-forecast-saas/backend/venv/lib/python3.13/site-packages/uvicorn/server.py", line 67, in run
    return asyncio_run(self.serve(sockets=sockets), loop_factory=self.config.get_loop_factory())
  File "/home/ibadat/miniconda3/lib/python3.13/asyncio/runners.py", line 195, in run
    return runner.run(main)
           ~~~~~~~~~~^^^^^^
  File "/home/ibadat/miniconda3/lib/python3.13/asyncio/runners.py", line 118, in run
    return self._loop.run_until_complete(task)
           ~~~~~~~~~~~~~~~~~~~~~~~~~~~~~^^^^^^
  File "uvloop/loop.pyx", line 1518, in uvloop.loop.Loop.run_until_complete
  File "/media/ibadat/NewVolume/DATA SCIENCE/ML/DATASCIENCE PROJECTS/Demand Sales Walmart Forecasting/ml-forecast-saas/backend/venv/lib/python3.13/site-packages/uvicorn/server.py", line 71, in serve
    await self._serve(sockets)
  File "/media/ibadat/NewVolume/DATA SCIENCE/ML/DATASCIENCE PROJECTS/Demand Sales Walmart Forecasting/ml-forecast-saas/backend/venv/lib/python3.13/site-packages/uvicorn/server.py", line 78, in _serve
    config.load()
    ~~~~~~~~~~~^^
  File "/media/ibadat/NewVolume/DATA SCIENCE/ML/DATASCIENCE PROJECTS/Demand Sales Walmart Forecasting/ml-forecast-saas/backend/venv/lib/python3.13/site-packages/uvicorn/config.py", line 439, in load
    self.loaded_app = import_from_string(self.app)
                      ~~~~~~~~~~~~~~~~~~^^^^^^^^^^
  File "/media/ibadat/NewVolume/DATA SCIENCE/ML/DATASCIENCE PROJECTS/Demand Sales Walmart Forecasting/ml-forecast-saas/backend/venv/lib/python3.13/site-packages/uvicorn/importer.py", line 22, in import_from_string
    raise exc from None
  File "/media/ibadat/NewVolume/DATA SCIENCE/ML/DATASCIENCE PROJECTS/Demand Sales Walmart Forecasting/ml-forecast-saas/backend/venv/lib/python3.13/site-packages/uvicorn/importer.py", line 19, in import_from_string
    module = importlib.import_module(module_str)
  File "/home/ibadat/miniconda3/lib/python3.13/importlib/__init__.py", line 88, in import_module
    return _bootstrap._gcd_import(name[level:], package, level)
           ~~~~~~~~~~~~~~~~~~~~~~^^^^^^^^^^^^^^^^^^^^^^^^^^^^^^
  File "<frozen importlib._bootstrap>", line 1387, in _gcd_import
  File "<frozen importlib._bootstrap>", line 1360, in _find_and_load
  File "<frozen importlib._bootstrap>", line 1331, in _find_and_load_unlocked
  File "<frozen importlib._bootstrap>", line 935, in _load_unlocked
  File "<frozen importlib._bootstrap_external>", line 1027, in exec_module
  File "<frozen importlib._bootstrap>", line 488, in _call_with_frames_removed
  File "/media/ibadat/NewVolume/DATA SCIENCE/ML/DATASCIENCE PROJECTS/Demand Sales Walmart Forecasting/ml-forecast-saas/backend/app/main.py", line 79, in <module>
    from starlette.middleware.sessions import SessionMiddleware
  File "/media/ibadat/NewVolume/DATA SCIENCE/ML/DATASCIENCE PROJECTS/Demand Sales Walmart Forecasting/ml-forecast-saas/backend/venv/lib/python3.13/site-packages/starlette/middleware/sessions.py", line 7, in <module>
    import itsdangerous
ModuleNotFoundError: No module named 'itsdangerous'
⚛️  Starting Frontend on port 5173...

✅ Application started successfully!
   Frontend: http://localhost:5173
   Backend:  http://localhost:8000
   API Docs: http://localhost:8000/docs
   Health:   http://localhost:8000/health

Press Ctrl+C to stop both servers

> frontend@0.0.0 dev
> vite


  VITE v7.3.1  ready in 457 ms

  ➜  Local:   http://localhost:5173/
  ➜  Network: use --host to expose
INFO:     Stopping reloader process [1406276]
