🚀 Starting ML Forecast SaaS Application...
📦 Starting Backend API on port 8000...
✅ Virtual environment activated
INFO:     Will watch for changes in these directories: ['/media/ibadat/NewVolume/DATA SCIENCE/ML/DATASCIENCE PROJECTS/Demand Sales Walmart Forecasting/ml-forecast-saas/backend']
INFO:     Uvicorn running on http://0.0.0.0:8000 (Press CTRL+C to quit)
INFO:     Started reloader process [1244363] using WatchFiles
⚛️  Starting Frontend on port 5173...

✅ Application started successfully!
   Frontend: http://localhost:5173
   Backend:  http://localhost:8000
   API Docs: http://localhost:8000/docs
   Health:   http://localhost:8000/health

Press Ctrl+C to stop both servers

> frontend@0.0.0 dev
> vite

Port 5173 is in use, trying another one...

  VITE v7.3.1  ready in 1028 ms

  ➜  Local:   http://localhost:5174/
  ➜  Network: use --host to expose
2026-02-19 02:09:36,983 - prophet.plot - ERROR - Importing plotly failed. Interactive plots will not work.
2026-02-19 02:09:41,119 - app.api.analysis - INFO - Loaded 30 jobs from disk. Total in memory: 30 (was 0)
2026-02-19 02:09:43,426 - app.main - WARNING - Static directory not found at /media/ibadat/NewVolume/DATA SCIENCE/ML/DATASCIENCE PROJECTS/Demand Sales Walmart Forecasting/ml-forecast-saas/backend/app/static. Frontend will not be served.
INFO:     Started server process [1244366]
INFO:     Waiting for application startup.
2026-02-19 02:09:43,428 - app.main - INFO - 🚀 Starting ML Forecast SaaS v2.0.0
2026-02-19 02:09:43,428 - app.main - INFO - 📦 Environment: development
2026-02-19 02:09:43,428 - app.main - INFO - 🌐 CORS Origins: ['http://localhost:3000', 'http://localhost:5173', 'http://localhost:5174', 'https://*.vercel.app']
2026-02-19 02:09:43,438 - app.main - INFO - ✅ Local SQLite database initialized
2026-02-19 02:09:43,458 - app.utils.init_db - INFO - ✅ Default admin user already exists.
2026-02-19 02:09:43,460 - app.services.maintenance - INFO - System cleanup completed successfully
2026-02-19 02:09:43,460 - app.main - INFO - 🧹 System cleanup completed on startup
INFO:     Application startup complete.
2026-02-19 02:11:06,086 - app.main - INFO - 👉 Request: OPTIONS http://localhost:8000/api/auth/me | Origin: http://localhost:5174
2026-02-19 02:11:06,087 - app.main - INFO - 👉 Request: OPTIONS http://localhost:8000/api/auth/me | Origin: http://localhost:5174
2026-02-19 02:11:06,087 - app.main - INFO - 👈 Response: 200
INFO:     127.0.0.1:39628 - "OPTIONS /api/auth/me HTTP/1.1" 200 OK
2026-02-19 02:11:06,088 - app.main - INFO - 👈 Response: 200
INFO:     127.0.0.1:39632 - "OPTIONS /api/auth/me HTTP/1.1" 200 OK
2026-02-19 02:11:06,099 - app.main - INFO - 👉 Request: GET http://localhost:8000/api/auth/me | Origin: http://localhost:5174
2026-02-19 02:11:06,145 - app.main - INFO - 👈 Response: 401
INFO:     127.0.0.1:39642 - "GET /api/auth/me HTTP/1.1" 401 Unauthorized
2026-02-19 02:11:06,152 - app.main - INFO - 👉 Request: GET http://localhost:8000/api/auth/me | Origin: http://localhost:5174
2026-02-19 02:11:06,154 - app.main - INFO - 👈 Response: 401
INFO:     127.0.0.1:39632 - "GET /api/auth/me HTTP/1.1" 401 Unauthorized
2026-02-19 02:11:06,231 - app.main - INFO - 👉 Request: GET http://localhost:8000/api/auth/me | Origin: http://localhost:5174
2026-02-19 02:11:06,238 - app.main - INFO - 👈 Response: 401
INFO:     127.0.0.1:39632 - "GET /api/auth/me HTTP/1.1" 401 Unauthorized
2026-02-19 02:11:06,250 - app.main - INFO - 👉 Request: GET http://localhost:8000/api/auth/me | Origin: http://localhost:5174
2026-02-19 02:11:06,259 - app.main - INFO - 👈 Response: 401
INFO:     127.0.0.1:39642 - "GET /api/auth/me HTTP/1.1" 401 Unauthorized
2:11:06 AM [vite] (client) Pre-transform error: /media/ibadat/NewVolume/DATA SCIENCE/ML/DATASCIENCE PROJECTS/Demand Sales Walmart Forecasting/ml-forecast-saas/frontend/src/components/layout/MobileNav.jsx: Identifier 'Menu' has already been declared. (8:4)

   6 |     History,
   7 |     Menu,
>  8 |     Menu,
     |     ^
   9 |     BarChart3,
  10 |     Activity
  11 | } from 'lucide-react';
  Plugin: vite:react-babel
  File: /media/ibadat/NewVolume/DATA SCIENCE/ML/DATASCIENCE PROJECTS/Demand Sales Walmart Forecasting/ml-forecast-saas/frontend/src/components/layout/MobileNav.jsx:8:4
  6  |      History,
  7  |      Menu,
  8  |      Menu,
     |      ^
  9  |      BarChart3,
  10 |      Activity
2:11:07 AM [vite] (client) Pre-transform error: /media/ibadat/NewVolume/DATA SCIENCE/ML/DATASCIENCE PROJECTS/Demand Sales Walmart Forecasting/ml-forecast-saas/frontend/src/components/layout/MobileNav.jsx: Identifier 'Menu' has already been declared. (8:4)

   6 |     History,
   7 |     Menu,
>  8 |     Menu,
     |     ^
   9 |     BarChart3,
  10 |     Activity
  11 | } from 'lucide-react';
  Plugin: vite:react-babel
  File: /media/ibadat/NewVolume/DATA SCIENCE/ML/DATASCIENCE PROJECTS/Demand Sales Walmart Forecasting/ml-forecast-saas/frontend/src/components/layout/MobileNav.jsx:8:4
  6  |      History,
  7  |      Menu,
  8  |      Menu,
     |      ^
  9  |      BarChart3,
  10 |      Activity
2:11:07 AM [vite] (client) Pre-transform error: /media/ibadat/NewVolume/DATA SCIENCE/ML/DATASCIENCE PROJECTS/Demand Sales Walmart Forecasting/ml-forecast-saas/frontend/src/components/layout/Sidebar.jsx: Identifier 'Settings' has already been declared. (16:4)

  14 |     LogOut,
  15 |     Settings,
> 16 |     Settings,
     |     ^
  17 |     HelpCircle,
  18 |     Activity
  19 | } from 'lucide-react';
  Plugin: vite:react-babel
  File: /media/ibadat/NewVolume/DATA SCIENCE/ML/DATASCIENCE PROJECTS/Demand Sales Walmart Forecasting/ml-forecast-saas/frontend/src/components/layout/Sidebar.jsx:16:4
  14 |      LogOut,
  15 |      Settings,
  16 |      Settings,
     |      ^
  17 |      HelpCircle,
  18 |      Activity
2026-02-19 02:11:18,533 - app.main - INFO - 👉 Request: POST http://localhost:8000/api/auth/login | Origin: http://localhost:5174
2026-02-19 02:11:18,538 - app.api.auth - INFO - 🔑 Login attempt for user: ali@gmail.com
2026-02-19 02:11:18,587 - app.api.auth - INFO - ✅ Login successful for: ali@gmail.com
2026-02-19 02:11:18,595 - app.main - INFO - 👈 Response: 200
INFO:     127.0.0.1:44366 - "POST /api/auth/login HTTP/1.1" 200 OK
2026-02-19 02:11:27,047 - app.main - INFO - 👉 Request: OPTIONS http://localhost:8000/api/sales/detect-format | Origin: http://localhost:5174
2026-02-19 02:11:27,049 - app.main - INFO - 👈 Response: 200
INFO:     127.0.0.1:45718 - "OPTIONS /api/sales/detect-format HTTP/1.1" 200 OK
2026-02-19 02:11:27,058 - app.main - INFO - 👉 Request: POST http://localhost:8000/api/sales/detect-format | Origin: http://localhost:5174
2026-02-19 02:11:27,061 - app.main - INFO - 👈 Response: 404
INFO:     127.0.0.1:45718 - "POST /api/sales/detect-format HTTP/1.1" 404 Not Found
2:13:17 AM [vite] (client) hmr update /src/index.css
2:13:19 AM [vite] (client) hmr update /src/index.css
2:13:41 AM [vite] (client) hmr update /src/index.css
2:14:24 AM [vite] (client) hmr update /src/index.css
2:15:15 AM [vite] (client) hmr update /src/index.css
2026-02-19 03:17:20,272 - app.main - INFO - 👉 Request: OPTIONS http://localhost:8000/api/auth/me | Origin: http://localhost:5174
2026-02-19 03:17:20,274 - app.main - INFO - 👉 Request: OPTIONS http://localhost:8000/api/auth/me | Origin: http://localhost:5174
2026-02-19 03:17:20,274 - app.main - INFO - 👈 Response: 200
INFO:     127.0.0.1:45658 - "OPTIONS /api/auth/me HTTP/1.1" 200 OK
2026-02-19 03:17:20,275 - app.main - INFO - 👈 Response: 200
INFO:     127.0.0.1:45670 - "OPTIONS /api/auth/me HTTP/1.1" 200 OK
2026-02-19 03:17:20,280 - app.main - INFO - 👉 Request: GET http://localhost:8000/api/auth/me | Origin: http://localhost:5174
2026-02-19 03:17:20,284 - app.main - INFO - 👈 Response: 401
INFO:     127.0.0.1:45686 - "GET /api/auth/me HTTP/1.1" 401 Unauthorized
2026-02-19 03:17:20,287 - app.main - INFO - 👉 Request: GET http://localhost:8000/api/auth/me | Origin: http://localhost:5174
2026-02-19 03:17:20,289 - app.main - INFO - 👈 Response: 401
INFO:     127.0.0.1:45670 - "GET /api/auth/me HTTP/1.1" 401 Unauthorized
2026-02-19 03:17:36,966 - app.main - INFO - 👉 Request: POST http://localhost:8000/api/auth/login | Origin: http://localhost:5174
2026-02-19 03:17:36,969 - app.api.auth - INFO - 🔑 Login attempt for user: saad@gmail.com
2026-02-19 03:17:37,012 - app.api.auth - INFO - ✅ Login successful for: saad@gmail.com
2026-02-19 03:17:37,013 - app.main - INFO - 👈 Response: 200
INFO:     127.0.0.1:54772 - "POST /api/auth/login HTTP/1.1" 200 OK
2026-02-19 03:17:48,279 - app.main - INFO - 👉 Request: POST http://localhost:8000/api/analysis/detect-columns | Origin: http://localhost:5174
2026-02-19 03:17:48,287 - app.api.analysis - INFO - 🔍 Column detection request: market_sales.csv
2026-02-19 03:17:48,315 - app.api.analysis - INFO - ✅ Column detection complete: 3 columns, quality=100.0
2026-02-19 03:17:48,318 - app.main - INFO - 👈 Response: 200
INFO:     127.0.0.1:51374 - "POST /api/analysis/detect-columns HTTP/1.1" 200 OK
2026-02-19 03:17:49,788 - app.main - INFO - 👉 Request: POST http://localhost:8000/api/analysis/upload | Origin: http://localhost:5174
2026-02-19 03:17:49,795 - app.api.analysis - INFO - 📥 Upload request received: Filename=market_sales.csv, Content-Type=text/csv
2026-02-19 03:17:49,795 - app.api.analysis - INFO - Successfully decoded file using utf-8 encoding
2026-02-19 03:17:49,816 - app.api.analysis - INFO - 📊 Data adapted: {'date': {'column': 'date', 'confidence': 1.0}, 'sales': {'column': 'sales', 'confidence': 1.0}, 'store': {'column': 'product_id', 'confidence': 0.71}, 'product': {'column': 'product_id', 'confidence': 1.0}, 'category': {'column': 'product_id', 'confidence': 0.8}, 'price': {'column': 'sales', 'confidence': 0.8}, 'customer': {'column': 'product_id', 'confidence': 0.62}}
2026-02-19 03:17:49,816 - app.api.analysis - INFO - ✅ Upload validation passed: {'row_count': 1800, 'column_count': 3}
2026-02-19 03:17:49,817 - app.api.analysis - INFO - 📤 New upload session created: 9729c27b-71c6-4dd8-95e4-43e1a6b9fdc6 (market_sales.csv)
2026-02-19 03:17:51,277 - app.api.analysis - INFO - ✅ Session 9729c27b-71c6-4dd8-95e4-43e1a6b9fdc6 saved successfully. Total sessions: 31
2026-02-19 03:17:51,286 - app.main - INFO - 👈 Response: 200
INFO:     127.0.0.1:51374 - "POST /api/analysis/upload HTTP/1.1" 200 OK
2026-02-19 03:18:02,014 - app.main - INFO - 👉 Request: POST http://localhost:8000/api/analysis/preprocess/9729c27b-71c6-4dd8-95e4-43e1a6b9fdc6 | Origin: http://localhost:5174
2026-02-19 03:18:03,076 - app.main - INFO - 👈 Response: 200
INFO:     127.0.0.1:40620 - "POST /api/analysis/preprocess/9729c27b-71c6-4dd8-95e4-43e1a6b9fdc6 HTTP/1.1" 200 OK
2026-02-19 03:18:05,909 - app.main - INFO - 👉 Request: OPTIONS http://localhost:8000/api/analysis/train/9729c27b-71c6-4dd8-95e4-43e1a6b9fdc6 | Origin: http://localhost:5174
2026-02-19 03:18:05,910 - app.main - INFO - 👈 Response: 200
INFO:     127.0.0.1:40620 - "OPTIONS /api/analysis/train/9729c27b-71c6-4dd8-95e4-43e1a6b9fdc6 HTTP/1.1" 200 OK
2026-02-19 03:18:05,911 - app.main - INFO - 👉 Request: OPTIONS http://localhost:8000/api/analysis/train/9729c27b-71c6-4dd8-95e4-43e1a6b9fdc6 | Origin: http://localhost:5174
2026-02-19 03:18:05,911 - app.main - INFO - 👈 Response: 200
INFO:     127.0.0.1:40634 - "OPTIONS /api/analysis/train/9729c27b-71c6-4dd8-95e4-43e1a6b9fdc6 HTTP/1.1" 200 OK
2026-02-19 03:18:05,914 - app.main - INFO - 👉 Request: POST http://localhost:8000/api/analysis/train/9729c27b-71c6-4dd8-95e4-43e1a6b9fdc6 | Origin: http://localhost:5174
2026-02-19 03:18:05,917 - app.main - INFO - 👉 Request: POST http://localhost:8000/api/analysis/train/9729c27b-71c6-4dd8-95e4-43e1a6b9fdc6 | Origin: http://localhost:5174
2026-02-19 03:18:05,918 - app.api.analysis - INFO - 🚂 Training request for session: 9729c27b-71c6-4dd8-95e4-43e1a6b9fdc6, model: ensemble
2026-02-19 03:18:05,918 - app.api.analysis - INFO - 📋 Created training job: dbcd0843-416b-4f3a-b273-187689b7f452
2026-02-19 03:18:07,063 - app.api.analysis - INFO - 🚂 Training request for session: 9729c27b-71c6-4dd8-95e4-43e1a6b9fdc6, model: ensemble
2026-02-19 03:18:07,063 - app.api.analysis - INFO - 📋 Created training job: 5939edd5-5b21-46c9-b70a-119cef36f6b7
2026-02-19 03:18:08,132 - app.main - INFO - 👈 Response: 200
INFO:     127.0.0.1:40620 - "POST /api/analysis/train/9729c27b-71c6-4dd8-95e4-43e1a6b9fdc6 HTTP/1.1" 200 OK
2026-02-19 03:18:08,132 - app.main - INFO - 👈 Response: 200
INFO:     127.0.0.1:40638 - "POST /api/analysis/train/9729c27b-71c6-4dd8-95e4-43e1a6b9fdc6 HTTP/1.1" 200 OK
2026-02-19 03:18:08,142 - app.services.model_router - INFO - Model Routing Plan: ['ensemble', 'xgboost', 'prophet', 'naive', 'moving_average']
2026-02-19 03:18:08,142 - app.api.analysis - INFO - Model selection strategy: ['ensemble', 'xgboost', 'prophet', 'naive', 'moving_average']
2026-02-19 03:18:08,142 - app.api.analysis - INFO - Attempting to train ensemble...
2026-02-19 03:18:08,144 - app.ml.ensemble_model - ERROR - Failed to train prophet: "None of [Index(['Date', 'Sales'], dtype='str')] are in the [columns]"
2026-02-19 03:18:08,145 - app.ml.ensemble_model - ERROR - Failed to train xgboost: 'Sales'
2026-02-19 03:18:08,597 - app.ml.ensemble_model - ERROR - Failed to train sarima: "None of ['Date'] are in the columns"
2026-02-19 03:18:08,597 - app.ml.ensemble_model - INFO - Ensemble training complete. Models: [], Weights: {}
2026-02-19 03:18:08,597 - app.api.analysis - INFO - Successfully trained ensemble (MAPE: 0.0%)
2026-02-19 03:18:08,597 - app.api.analysis - ERROR - Training failed for job dbcd0843-416b-4f3a-b273-187689b7f452: No models available for prediction
2026-02-19 03:18:09,607 - app.services.model_router - INFO - Model Routing Plan: ['ensemble', 'xgboost', 'prophet', 'naive', 'moving_average']
2026-02-19 03:18:09,607 - app.api.analysis - INFO - Model selection strategy: ['ensemble', 'xgboost', 'prophet', 'naive', 'moving_average']
2026-02-19 03:18:09,607 - app.api.analysis - INFO - Attempting to train ensemble...
2026-02-19 03:18:09,609 - app.ml.ensemble_model - ERROR - Failed to train prophet: "None of [Index(['Date', 'Sales'], dtype='str')] are in the [columns]"
2026-02-19 03:18:09,610 - app.ml.ensemble_model - ERROR - Failed to train xgboost: 'Sales'
2026-02-19 03:18:09,611 - app.ml.ensemble_model - ERROR - Failed to train sarima: "None of ['Date'] are in the columns"
2026-02-19 03:18:09,611 - app.ml.ensemble_model - INFO - Ensemble training complete. Models: [], Weights: {}
2026-02-19 03:18:09,611 - app.api.analysis - INFO - Successfully trained ensemble (MAPE: 0.0%)
2026-02-19 03:18:09,611 - app.api.analysis - ERROR - Training failed for job 5939edd5-5b21-46c9-b70a-119cef36f6b7: No models available for prediction
2026-02-19 03:18:10,551 - app.main - INFO - 👉 Request: GET http://localhost:8000/api/analysis/status/dbcd0843-416b-4f3a-b273-187689b7f452 | Origin: http://localhost:5174
2026-02-19 03:18:10,552 - app.main - INFO - 👈 Response: 200
INFO:     127.0.0.1:40620 - "GET /api/analysis/status/dbcd0843-416b-4f3a-b273-187689b7f452 HTTP/1.1" 200 OK
2026-02-19 03:18:10,554 - app.main - INFO - 👉 Request: GET http://localhost:8000/api/analysis/status/dbcd0843-416b-4f3a-b273-187689b7f452 | Origin: http://localhost:5174
2026-02-19 03:18:10,555 - app.main - INFO - 👈 Response: 200
INFO:     127.0.0.1:40620 - "GET /api/analysis/status/dbcd0843-416b-4f3a-b273-187689b7f452 HTTP/1.1" 200 OK
2026-02-19 03:18:13,211 - app.main - INFO - 👉 Request: GET http://localhost:8000/api/analysis/status/5939edd5-5b21-46c9-b70a-119cef36f6b7 | Origin: http://localhost:5174
2026-02-19 03:18:13,212 - app.main - INFO - 👈 Response: 200
INFO:     127.0.0.1:40620 - "GET /api/analysis/status/5939edd5-5b21-46c9-b70a-119cef36f6b7 HTTP/1.1" 200 OK
2026-02-19 03:18:14,711 - app.main - INFO - 👉 Request: GET http://localhost:8000/api/analysis/status/5939edd5-5b21-46c9-b70a-119cef36f6b7 | Origin: http://localhost:5174
2026-02-19 03:18:14,712 - app.main - INFO - 👈 Response: 200
INFO:     127.0.0.1:40620 - "GET /api/analysis/status/5939edd5-5b21-46c9-b70a-119cef36f6b7 HTTP/1.1" 200 OK
2026-02-19 03:34:32,928 - app.main - INFO - 👉 Request: OPTIONS http://localhost:8000/api/auth/me | Origin: http://localhost:5174
2026-02-19 03:34:32,928 - app.main - INFO - 👉 Request: OPTIONS http://localhost:8000/api/auth/me | Origin: http://localhost:5174
2026-02-19 03:34:32,929 - app.main - INFO - 👈 Response: 200
INFO:     127.0.0.1:55108 - "OPTIONS /api/auth/me HTTP/1.1" 200 OK
2026-02-19 03:34:32,929 - app.main - INFO - 👈 Response: 200
INFO:     127.0.0.1:55112 - "OPTIONS /api/auth/me HTTP/1.1" 200 OK
2026-02-19 03:34:32,933 - app.main - INFO - 👉 Request: GET http://localhost:8000/api/auth/me | Origin: http://localhost:5174
2026-02-19 03:34:32,934 - app.main - INFO - 👈 Response: 401
INFO:     127.0.0.1:55114 - "GET /api/auth/me HTTP/1.1" 401 Unauthorized
2026-02-19 03:34:32,936 - app.main - INFO - 👉 Request: GET http://localhost:8000/api/auth/me | Origin: http://localhost:5174
2026-02-19 03:34:32,937 - app.main - INFO - 👈 Response: 401
INFO:     127.0.0.1:55112 - "GET /api/auth/me HTTP/1.1" 401 Unauthorized
2026-02-19 06:07:08,184 - app.main - INFO - 👉 Request: GET http://localhost:8000/api/health | Origin: http://localhost:5173
2026-02-19 06:07:08,185 - app.main - INFO - 👈 Response: 404
INFO:     127.0.0.1:47482 - "GET /api/health HTTP/1.1" 404 Not Found
2026-02-19 06:08:38,747 - app.main - INFO - 👉 Request: OPTIONS http://localhost:8000/api/monitoring/health | Origin: http://localhost:5174
2026-02-19 06:08:38,749 - app.main - INFO - 👈 Response: 200
INFO:     127.0.0.1:45670 - "OPTIONS /api/monitoring/health HTTP/1.1" 200 OK
2026-02-19 06:08:38,753 - app.main - INFO - 👉 Request: OPTIONS http://localhost:8000/api/monitoring/metrics | Origin: http://localhost:5174
2026-02-19 06:08:38,754 - app.main - INFO - 👉 Request: OPTIONS http://localhost:8000/api/monitoring/alerts?limit=5 | Origin: http://localhost:5174
INFO:     127.0.0.1:45698 - "WebSocket /ws/user%3Ax6yvrkxls" [accepted]
2026-02-19 06:08:38,760 - app.services.websocket_manager - INFO - 👤 WebSocket connected for user: x6yvrkxls
INFO:     connection open
2026-02-19 06:08:38,764 - app.main - INFO - 👉 Request: OPTIONS http://localhost:8000/api/monitoring/metrics | Origin: http://localhost:5174
2026-02-19 06:08:38,764 - app.main - INFO - 👉 Request: OPTIONS http://localhost:8000/api/monitoring/health | Origin: http://localhost:5174
2026-02-19 06:08:38,765 - app.main - INFO - 👈 Response: 200
INFO:     127.0.0.1:45676 - "OPTIONS /api/monitoring/metrics HTTP/1.1" 200 OK
2026-02-19 06:08:38,766 - app.main - INFO - 👈 Response: 200
INFO:     127.0.0.1:45684 - "OPTIONS /api/monitoring/alerts?limit=5 HTTP/1.1" 200 OK
2026-02-19 06:08:38,767 - app.main - INFO - 👉 Request: GET http://localhost:8000/api/monitoring/health | Origin: http://localhost:5174
INFO:     connection closed
2026-02-19 06:08:38,770 - app.main - INFO - 👉 Request: OPTIONS http://localhost:8000/api/monitoring/alerts?limit=5 | Origin: http://localhost:5174
2026-02-19 06:08:38,771 - app.services.websocket_manager - INFO - 🔌 WebSocket disconnected (Session: None, User: x6yvrkxls)
2026-02-19 06:08:38,771 - app.main - INFO - 👈 Response: 200
INFO:     127.0.0.1:45670 - "OPTIONS /api/monitoring/metrics HTTP/1.1" 200 OK
2026-02-19 06:08:38,771 - app.main - INFO - 👈 Response: 200
INFO:     127.0.0.1:45702 - "OPTIONS /api/monitoring/health HTTP/1.1" 200 OK
2026-02-19 06:08:38,773 - app.main - INFO - 👉 Request: GET http://localhost:8000/api/monitoring/alerts?limit=5 | Origin: http://localhost:5174
2026-02-19 06:08:38,774 - app.main - INFO - 👉 Request: GET http://localhost:8000/api/monitoring/metrics | Origin: http://localhost:5174
2026-02-19 06:08:38,775 - app.main - INFO - 👈 Response: 200
INFO:     127.0.0.1:45722 - "OPTIONS /api/monitoring/alerts?limit=5 HTTP/1.1" 200 OK
INFO:     127.0.0.1:45738 - "WebSocket /ws/user%3Afgg0h7eua" [accepted]
2026-02-19 06:08:38,777 - app.services.websocket_manager - INFO - 👤 WebSocket connected for user: fgg0h7eua
INFO:     connection open
2026-02-19 06:08:38,785 - app.main - INFO - 👈 Response: 401
INFO:     127.0.0.1:45676 - "GET /api/monitoring/metrics HTTP/1.1" 401 Unauthorized
2026-02-19 06:08:38,786 - app.main - INFO - 👈 Response: 401
INFO:     127.0.0.1:45712 - "GET /api/monitoring/health HTTP/1.1" 401 Unauthorized
2026-02-19 06:08:38,787 - app.main - INFO - 👈 Response: 401
INFO:     127.0.0.1:45684 - "GET /api/monitoring/alerts?limit=5 HTTP/1.1" 401 Unauthorized
2026-02-19 06:08:38,793 - app.main - INFO - 👉 Request: GET http://localhost:8000/api/monitoring/alerts?limit=5 | Origin: http://localhost:5174
2026-02-19 06:08:38,795 - app.main - INFO - 👉 Request: GET http://localhost:8000/api/monitoring/health | Origin: http://localhost:5174
2026-02-19 06:08:38,795 - app.main - INFO - 👉 Request: GET http://localhost:8000/api/monitoring/metrics | Origin: http://localhost:5174
2026-02-19 06:08:38,804 - app.main - INFO - 👈 Response: 401
INFO:     127.0.0.1:45722 - "GET /api/monitoring/alerts?limit=5 HTTP/1.1" 401 Unauthorized
2026-02-19 06:08:38,805 - app.main - INFO - 👈 Response: 401
INFO:     127.0.0.1:45670 - "GET /api/monitoring/health HTTP/1.1" 401 Unauthorized
2026-02-19 06:08:38,806 - app.main - INFO - 👈 Response: 401
INFO:     127.0.0.1:45702 - "GET /api/monitoring/metrics HTTP/1.1" 401 Unauthorized
2026-02-19 06:08:38,829 - app.main - INFO - 👉 Request: OPTIONS http://localhost:8000/api/log-error | Origin: http://localhost:5174
2026-02-19 06:08:38,829 - app.main - INFO - 👈 Response: 200
INFO:     127.0.0.1:45702 - "OPTIONS /api/log-error HTTP/1.1" 200 OK
2026-02-19 06:08:38,830 - app.services.websocket_manager - INFO - 🔌 WebSocket disconnected (Session: None, User: fgg0h7eua)
INFO:     connection closed
2026-02-19 06:08:38,833 - app.main - INFO - 👉 Request: POST http://localhost:8000/api/log-error | Origin: http://localhost:5174
2026-02-19 06:08:38 - forecastai_api - INFO - [frontend_error] {"error_id": "ERR-1771463318825-jt6g2gxym", "error": "TypeError: Cannot read properties of undefined (reading 'length')", "url": "http://localhost:5174/monitoring", "user_agent": "Mozilla/5.0 (X11; Linux x86_64) AppleWebKit/537.36 (KHTML, like Gecko) Chrome/145.0.0.0 Safari/537.36", "user_id": "anonymous", "timestamp": "2026-02-19T01:08:38.826Z"}
2026-02-19 06:08:38,845 - forecastai_api - INFO - [frontend_error] {"error_id": "ERR-1771463318825-jt6g2gxym", "error": "TypeError: Cannot read properties of undefined (reading 'length')", "url": "http://localhost:5174/monitoring", "user_agent": "Mozilla/5.0 (X11; Linux x86_64) AppleWebKit/537.36 (KHTML, like Gecko) Chrome/145.0.0.0 Safari/537.36", "user_id": "anonymous", "timestamp": "2026-02-19T01:08:38.826Z"}
2026-02-19 06:08:38 - forecastai_api - ERROR - Frontend Error: TypeError: Cannot read properties of undefined (reading 'length')
2026-02-19 06:08:38,847 - forecastai_api - ERROR - Frontend Error: TypeError: Cannot read properties of undefined (reading 'length')
2026-02-19 06:08:38,848 - app.main - INFO - 👈 Response: 200
INFO:     127.0.0.1:45722 - "POST /api/log-error HTTP/1.1" 200 OK
2026-02-19 06:08:41,972 - app.main - INFO - 👉 Request: OPTIONS http://localhost:8000/api/auth/me | Origin: http://localhost:5174
2026-02-19 06:08:41,973 - app.main - INFO - 👉 Request: OPTIONS http://localhost:8000/api/auth/me | Origin: http://localhost:5174
2026-02-19 06:08:41,974 - app.main - INFO - 👈 Response: 200
INFO:     127.0.0.1:45722 - "OPTIONS /api/auth/me HTTP/1.1" 200 OK
2026-02-19 06:08:41,974 - app.main - INFO - 👈 Response: 200
INFO:     127.0.0.1:45702 - "OPTIONS /api/auth/me HTTP/1.1" 200 OK
2026-02-19 06:08:41,983 - app.main - INFO - 👉 Request: GET http://localhost:8000/api/auth/me | Origin: http://localhost:5174
2026-02-19 06:08:41,987 - app.main - INFO - 👈 Response: 401
INFO:     127.0.0.1:45670 - "GET /api/auth/me HTTP/1.1" 401 Unauthorized
2026-02-19 06:08:41,993 - app.main - INFO - 👉 Request: GET http://localhost:8000/api/auth/me | Origin: http://localhost:5174
2026-02-19 06:08:41,996 - app.main - INFO - 👈 Response: 401
INFO:     127.0.0.1:45702 - "GET /api/auth/me HTTP/1.1" 401 Unauthorized
2026-02-19 06:09:09,910 - app.main - INFO - 👉 Request: GET http://localhost:8000/api/auth/login/google | Origin: None
2026-02-19 06:09:09,919 - app.api.oauth - INFO - Initiating google login, redirecting to: http://localhost:8000/api/auth/callback/google
2026-02-19 06:09:11,508 - httpx - INFO - HTTP Request: GET https://accounts.google.com/.well-known/openid-configuration "HTTP/1.1 200 OK"
2026-02-19 06:09:11,613 - app.main - ERROR - ❌ Request failed: SessionMiddleware must be installed to access request.session
INFO:     127.0.0.1:43762 - "GET /api/auth/login/google HTTP/1.1" 500 Internal Server Error
ERROR:    Exception in ASGI application
Traceback (most recent call last):
  File "/media/ibadat/NewVolume/DATA SCIENCE/ML/DATASCIENCE PROJECTS/Demand Sales Walmart Forecasting/ml-forecast-saas/backend/venv/lib/python3.13/site-packages/uvicorn/protocols/http/httptools_impl.py", line 416, in run_asgi
    result = await app(  # type: ignore[func-returns-value]
             ^^^^^^^^^^^^^^^^^^^^^^^^^^^^^^^^^^^^^^^^^^^^^^
        self.scope, self.receive, self.send
        ^^^^^^^^^^^^^^^^^^^^^^^^^^^^^^^^^^^
    )
    ^
  File "/media/ibadat/NewVolume/DATA SCIENCE/ML/DATASCIENCE PROJECTS/Demand Sales Walmart Forecasting/ml-forecast-saas/backend/venv/lib/python3.13/site-packages/uvicorn/middleware/proxy_headers.py", line 60, in __call__
    return await self.app(scope, receive, send)
           ^^^^^^^^^^^^^^^^^^^^^^^^^^^^^^^^^^^^
  File "/media/ibadat/NewVolume/DATA SCIENCE/ML/DATASCIENCE PROJECTS/Demand Sales Walmart Forecasting/ml-forecast-saas/backend/venv/lib/python3.13/site-packages/fastapi/applications.py", line 1138, in __call__
    await super().__call__(scope, receive, send)
  File "/media/ibadat/NewVolume/DATA SCIENCE/ML/DATASCIENCE PROJECTS/Demand Sales Walmart Forecasting/ml-forecast-saas/backend/venv/lib/python3.13/site-packages/starlette/applications.py", line 107, in __call__
    await self.middleware_stack(scope, receive, send)
  File "/media/ibadat/NewVolume/DATA SCIENCE/ML/DATASCIENCE PROJECTS/Demand Sales Walmart Forecasting/ml-forecast-saas/backend/venv/lib/python3.13/site-packages/starlette/middleware/errors.py", line 186, in __call__
    raise exc
  File "/media/ibadat/NewVolume/DATA SCIENCE/ML/DATASCIENCE PROJECTS/Demand Sales Walmart Forecasting/ml-forecast-saas/backend/venv/lib/python3.13/site-packages/starlette/middleware/errors.py", line 164, in __call__
    await self.app(scope, receive, _send)
  File "/media/ibadat/NewVolume/DATA SCIENCE/ML/DATASCIENCE PROJECTS/Demand Sales Walmart Forecasting/ml-forecast-saas/backend/venv/lib/python3.13/site-packages/starlette/middleware/base.py", line 191, in __call__
    with recv_stream, send_stream, collapse_excgroups():
                                   ~~~~~~~~~~~~~~~~~~^^
  File "/home/ibadat/miniconda3/lib/python3.13/contextlib.py", line 162, in __exit__
    self.gen.throw(value)
    ~~~~~~~~~~~~~~^^^^^^^
  File "/media/ibadat/NewVolume/DATA SCIENCE/ML/DATASCIENCE PROJECTS/Demand Sales Walmart Forecasting/ml-forecast-saas/backend/venv/lib/python3.13/site-packages/starlette/_utils.py", line 85, in collapse_excgroups
    raise exc
  File "/media/ibadat/NewVolume/DATA SCIENCE/ML/DATASCIENCE PROJECTS/Demand Sales Walmart Forecasting/ml-forecast-saas/backend/venv/lib/python3.13/site-packages/starlette/middleware/base.py", line 193, in __call__
    response = await self.dispatch_func(request, call_next)
               ^^^^^^^^^^^^^^^^^^^^^^^^^^^^^^^^^^^^^^^^^^^^
  File "/media/ibadat/NewVolume/DATA SCIENCE/ML/DATASCIENCE PROJECTS/Demand Sales Walmart Forecasting/ml-forecast-saas/backend/app/main.py", line 88, in log_requests
    raise e
  File "/media/ibadat/NewVolume/DATA SCIENCE/ML/DATASCIENCE PROJECTS/Demand Sales Walmart Forecasting/ml-forecast-saas/backend/app/main.py", line 83, in log_requests
    response = await call_next(request)
               ^^^^^^^^^^^^^^^^^^^^^^^^
  File "/media/ibadat/NewVolume/DATA SCIENCE/ML/DATASCIENCE PROJECTS/Demand Sales Walmart Forecasting/ml-forecast-saas/backend/venv/lib/python3.13/site-packages/starlette/middleware/base.py", line 168, in call_next
    raise app_exc from app_exc.__cause__ or app_exc.__context__
  File "/media/ibadat/NewVolume/DATA SCIENCE/ML/DATASCIENCE PROJECTS/Demand Sales Walmart Forecasting/ml-forecast-saas/backend/venv/lib/python3.13/site-packages/starlette/middleware/base.py", line 144, in coro
    await self.app(scope, receive_or_disconnect, send_no_error)
  File "/media/ibadat/NewVolume/DATA SCIENCE/ML/DATASCIENCE PROJECTS/Demand Sales Walmart Forecasting/ml-forecast-saas/backend/venv/lib/python3.13/site-packages/starlette/middleware/cors.py", line 85, in __call__
    await self.app(scope, receive, send)
  File "/media/ibadat/NewVolume/DATA SCIENCE/ML/DATASCIENCE PROJECTS/Demand Sales Walmart Forecasting/ml-forecast-saas/backend/venv/lib/python3.13/site-packages/starlette/middleware/exceptions.py", line 63, in __call__
    await wrap_app_handling_exceptions(self.app, conn)(scope, receive, send)
  File "/media/ibadat/NewVolume/DATA SCIENCE/ML/DATASCIENCE PROJECTS/Demand Sales Walmart Forecasting/ml-forecast-saas/backend/venv/lib/python3.13/site-packages/starlette/_exception_handler.py", line 53, in wrapped_app
    raise exc
  File "/media/ibadat/NewVolume/DATA SCIENCE/ML/DATASCIENCE PROJECTS/Demand Sales Walmart Forecasting/ml-forecast-saas/backend/venv/lib/python3.13/site-packages/starlette/_exception_handler.py", line 42, in wrapped_app
    await app(scope, receive, sender)
  File "/media/ibadat/NewVolume/DATA SCIENCE/ML/DATASCIENCE PROJECTS/Demand Sales Walmart Forecasting/ml-forecast-saas/backend/venv/lib/python3.13/site-packages/fastapi/middleware/asyncexitstack.py", line 18, in __call__
    await self.app(scope, receive, send)
  File "/media/ibadat/NewVolume/DATA SCIENCE/ML/DATASCIENCE PROJECTS/Demand Sales Walmart Forecasting/ml-forecast-saas/backend/venv/lib/python3.13/site-packages/starlette/routing.py", line 716, in __call__
    await self.middleware_stack(scope, receive, send)
  File "/media/ibadat/NewVolume/DATA SCIENCE/ML/DATASCIENCE PROJECTS/Demand Sales Walmart Forecasting/ml-forecast-saas/backend/venv/lib/python3.13/site-packages/starlette/routing.py", line 736, in app
    await route.handle(scope, receive, send)
  File "/media/ibadat/NewVolume/DATA SCIENCE/ML/DATASCIENCE PROJECTS/Demand Sales Walmart Forecasting/ml-forecast-saas/backend/venv/lib/python3.13/site-packages/starlette/routing.py", line 290, in handle
    await self.app(scope, receive, send)
  File "/media/ibadat/NewVolume/DATA SCIENCE/ML/DATASCIENCE PROJECTS/Demand Sales Walmart Forecasting/ml-forecast-saas/backend/venv/lib/python3.13/site-packages/fastapi/routing.py", line 115, in app
    await wrap_app_handling_exceptions(app, request)(scope, receive, send)
  File "/media/ibadat/NewVolume/DATA SCIENCE/ML/DATASCIENCE PROJECTS/Demand Sales Walmart Forecasting/ml-forecast-saas/backend/venv/lib/python3.13/site-packages/starlette/_exception_handler.py", line 53, in wrapped_app
    raise exc
  File "/media/ibadat/NewVolume/DATA SCIENCE/ML/DATASCIENCE PROJECTS/Demand Sales Walmart Forecasting/ml-forecast-saas/backend/venv/lib/python3.13/site-packages/starlette/_exception_handler.py", line 42, in wrapped_app
    await app(scope, receive, sender)
  File "/media/ibadat/NewVolume/DATA SCIENCE/ML/DATASCIENCE PROJECTS/Demand Sales Walmart Forecasting/ml-forecast-saas/backend/venv/lib/python3.13/site-packages/fastapi/routing.py", line 101, in app
    response = await f(request)
               ^^^^^^^^^^^^^^^^
  File "/media/ibadat/NewVolume/DATA SCIENCE/ML/DATASCIENCE PROJECTS/Demand Sales Walmart Forecasting/ml-forecast-saas/backend/venv/lib/python3.13/site-packages/fastapi/routing.py", line 355, in app
    raw_response = await run_endpoint_function(
                   ^^^^^^^^^^^^^^^^^^^^^^^^^^^^
    ...<3 lines>...
    )
    ^
  File "/media/ibadat/NewVolume/DATA SCIENCE/ML/DATASCIENCE PROJECTS/Demand Sales Walmart Forecasting/ml-forecast-saas/backend/venv/lib/python3.13/site-packages/fastapi/routing.py", line 243, in run_endpoint_function
    return await dependant.call(**values)
           ^^^^^^^^^^^^^^^^^^^^^^^^^^^^^^
  File "/media/ibadat/NewVolume/DATA SCIENCE/ML/DATASCIENCE PROJECTS/Demand Sales Walmart Forecasting/ml-forecast-saas/backend/app/api/oauth.py", line 32, in login_oauth
    return await client.authorize_redirect(request, redirect_uri)
           ^^^^^^^^^^^^^^^^^^^^^^^^^^^^^^^^^^^^^^^^^^^^^^^^^^^^^^
  File "/media/ibadat/NewVolume/DATA SCIENCE/ML/DATASCIENCE PROJECTS/Demand Sales Walmart Forecasting/ml-forecast-saas/backend/venv/lib/python3.13/site-packages/authlib/integrations/starlette_client/apps.py", line 37, in authorize_redirect
    await self.save_authorize_data(request, redirect_uri=redirect_uri, **rv)
  File "/media/ibadat/NewVolume/DATA SCIENCE/ML/DATASCIENCE PROJECTS/Demand Sales Walmart Forecasting/ml-forecast-saas/backend/venv/lib/python3.13/site-packages/authlib/integrations/starlette_client/apps.py", line 20, in save_authorize_data
    session = request.session
              ^^^^^^^^^^^^^^^
  File "/media/ibadat/NewVolume/DATA SCIENCE/ML/DATASCIENCE PROJECTS/Demand Sales Walmart Forecasting/ml-forecast-saas/backend/venv/lib/python3.13/site-packages/starlette/requests.py", line 161, in session
    assert "session" in self.scope, "SessionMiddleware must be installed to access request.session"
           ^^^^^^^^^^^^^^^^^^^^^^^
AssertionError: SessionMiddleware must be installed to access request.session
2026-02-19 06:09:12,010 - app.main - INFO - 👉 Request: GET http://localhost:8000/favicon.ico | Origin: None
2026-02-19 06:09:12,011 - app.main - INFO - 👈 Response: 404
INFO:     127.0.0.1:43770 - "GET /favicon.ico HTTP/1.1" 404 Not Found
2026-02-19 06:09:48,529 - app.main - INFO - 👉 Request: POST http://localhost:8000/api/auth/login | Origin: http://localhost:5174
2026-02-19 06:09:48,537 - app.api.auth - INFO - 🔑 Login attempt for user: saad@gmail.com
2026-02-19 06:09:48,574 - app.api.auth - INFO - ✅ Login successful for: saad@gmail.com
2026-02-19 06:09:48,575 - app.main - INFO - 👈 Response: 200
INFO:     127.0.0.1:36686 - "POST /api/auth/login HTTP/1.1" 200 OK
2026-02-19 06:10:07,031 - app.main - INFO - 👉 Request: POST http://localhost:8000/api/analysis/detect-columns | Origin: http://localhost:5174
2026-02-19 06:10:07,033 - app.api.analysis - INFO - 🔍 Column detection request: market_sales.csv
2026-02-19 06:10:07,057 - app.api.analysis - INFO - ✅ Column detection complete: 3 columns, quality=100.0
2026-02-19 06:10:07,058 - app.main - INFO - 👈 Response: 200
INFO:     127.0.0.1:54444 - "POST /api/analysis/detect-columns HTTP/1.1" 200 OK
2026-02-19 06:10:08,875 - app.main - INFO - 👉 Request: POST http://localhost:8000/api/analysis/upload | Origin: http://localhost:5174
2026-02-19 06:10:08,877 - app.api.analysis - INFO - 📥 Upload request received: Filename=market_sales.csv, Content-Type=text/csv
2026-02-19 06:10:08,878 - app.api.analysis - INFO - Successfully decoded file using utf-8 encoding
2026-02-19 06:10:08,902 - app.api.analysis - INFO - 📊 Data adapted: {'date': {'column': 'date', 'confidence': 1.0}, 'sales': {'column': 'sales', 'confidence': 1.0}, 'store': {'column': 'product_id', 'confidence': 0.71}, 'product': {'column': 'product_id', 'confidence': 1.0}, 'category': {'column': 'product_id', 'confidence': 0.8}, 'price': {'column': 'sales', 'confidence': 0.8}, 'customer': {'column': 'product_id', 'confidence': 0.62}}
2026-02-19 06:10:08,903 - app.api.analysis - INFO - ✅ Upload validation passed: {'row_count': 1800, 'column_count': 3}
2026-02-19 06:10:08,903 - app.api.analysis - INFO - 📤 New upload session created: 4c671d60-26f3-4738-8b42-0e418ddd3edf (market_sales.csv)
2026-02-19 06:10:10,204 - app.api.analysis - INFO - ✅ Session 4c671d60-26f3-4738-8b42-0e418ddd3edf saved successfully. Total sessions: 34
2026-02-19 06:10:10,211 - app.main - INFO - 👈 Response: 200
INFO:     127.0.0.1:54444 - "POST /api/analysis/upload HTTP/1.1" 200 OK
2026-02-19 06:10:18,347 - app.main - INFO - 👉 Request: GET http://localhost:8000/api/health | Origin: None
2026-02-19 06:10:18,348 - app.main - INFO - 👈 Response: 404
INFO:     127.0.0.1:40592 - "GET /api/health HTTP/1.1" 404 Not Found
2026-02-19 06:10:20,871 - app.main - INFO - 👉 Request: POST http://localhost:8000/api/analysis/preprocess/4c671d60-26f3-4738-8b42-0e418ddd3edf | Origin: http://localhost:5174
2026-02-19 06:10:23,518 - app.main - INFO - 👈 Response: 200
INFO:     127.0.0.1:39460 - "POST /api/analysis/preprocess/4c671d60-26f3-4738-8b42-0e418ddd3edf HTTP/1.1" 200 OK
2026-02-19 06:10:26,354 - app.main - INFO - 👉 Request: OPTIONS http://localhost:8000/api/analysis/train/4c671d60-26f3-4738-8b42-0e418ddd3edf | Origin: http://localhost:5174
2026-02-19 06:10:26,356 - app.main - INFO - 👉 Request: OPTIONS http://localhost:8000/api/analysis/train/4c671d60-26f3-4738-8b42-0e418ddd3edf | Origin: http://localhost:5174
2026-02-19 06:10:26,358 - app.main - INFO - 👈 Response: 200
INFO:     127.0.0.1:39460 - "OPTIONS /api/analysis/train/4c671d60-26f3-4738-8b42-0e418ddd3edf HTTP/1.1" 200 OK
2026-02-19 06:10:26,359 - app.main - INFO - 👈 Response: 200
INFO:     127.0.0.1:39466 - "OPTIONS /api/analysis/train/4c671d60-26f3-4738-8b42-0e418ddd3edf HTTP/1.1" 200 OK
2026-02-19 06:10:26,368 - app.main - INFO - 👉 Request: POST http://localhost:8000/api/analysis/train/4c671d60-26f3-4738-8b42-0e418ddd3edf | Origin: http://localhost:5174
2026-02-19 06:10:26,369 - app.main - INFO - 👉 Request: POST http://localhost:8000/api/analysis/train/4c671d60-26f3-4738-8b42-0e418ddd3edf | Origin: http://localhost:5174
2026-02-19 06:10:26,370 - app.api.analysis - INFO - 🚂 Training request for session: 4c671d60-26f3-4738-8b42-0e418ddd3edf, model: ensemble
2026-02-19 06:10:26,371 - app.api.analysis - INFO - 📋 Created training job: 23734179-90a8-4987-882f-d218a5849c0d
2026-02-19 06:10:29,775 - app.api.analysis - INFO - 🚂 Training request for session: 4c671d60-26f3-4738-8b42-0e418ddd3edf, model: ensemble
2026-02-19 06:10:29,776 - app.api.analysis - INFO - 📋 Created training job: 3849de10-979d-4ac7-b1cc-08654bf9e046
2026-02-19 06:10:31,816 - app.main - INFO - 👈 Response: 200
INFO:     127.0.0.1:39460 - "POST /api/analysis/train/4c671d60-26f3-4738-8b42-0e418ddd3edf HTTP/1.1" 200 OK
2026-02-19 06:10:31,817 - app.main - INFO - 👈 Response: 200
INFO:     127.0.0.1:39478 - "POST /api/analysis/train/4c671d60-26f3-4738-8b42-0e418ddd3edf HTTP/1.1" 200 OK
2026-02-19 06:10:31,826 - app.services.model_router - INFO - Model Routing Plan: ['ensemble', 'xgboost', 'prophet', 'naive', 'moving_average']
2026-02-19 06:10:31,826 - app.api.analysis - INFO - Model selection strategy: ['ensemble', 'xgboost', 'prophet', 'naive', 'moving_average']
2026-02-19 06:10:31,826 - app.api.analysis - INFO - Attempting to train ensemble...
2026-02-19 06:10:31,830 - app.ml.ensemble_model - ERROR - Failed to train prophet: "None of [Index(['Date', 'Sales'], dtype='str')] are in the [columns]"
2026-02-19 06:10:31,833 - app.ml.ensemble_model - ERROR - Failed to train xgboost: 'Sales'
2026-02-19 06:10:31,835 - app.ml.ensemble_model - ERROR - Failed to train sarima: "None of ['Date'] are in the columns"
2026-02-19 06:10:31,836 - app.ml.ensemble_model - INFO - Ensemble training complete. Models: [], Weights: {}
2026-02-19 06:10:31,836 - app.api.analysis - INFO - Successfully trained ensemble (MAPE: 0.0%)
2026-02-19 06:10:31,836 - app.api.analysis - ERROR - Training failed for job 23734179-90a8-4987-882f-d218a5849c0d: No models available for prediction
2026-02-19 06:10:33,891 - app.services.model_router - INFO - Model Routing Plan: ['ensemble', 'xgboost', 'prophet', 'naive', 'moving_average']
2026-02-19 06:10:33,891 - app.api.analysis - INFO - Model selection strategy: ['ensemble', 'xgboost', 'prophet', 'naive', 'moving_average']
2026-02-19 06:10:33,891 - app.api.analysis - INFO - Attempting to train ensemble...
2026-02-19 06:10:33,894 - app.ml.ensemble_model - ERROR - Failed to train prophet: "None of [Index(['Date', 'Sales'], dtype='str')] are in the [columns]"
2026-02-19 06:10:33,896 - app.ml.ensemble_model - ERROR - Failed to train xgboost: 'Sales'
2026-02-19 06:10:33,899 - app.ml.ensemble_model - ERROR - Failed to train sarima: "None of ['Date'] are in the columns"
2026-02-19 06:10:33,900 - app.ml.ensemble_model - INFO - Ensemble training complete. Models: [], Weights: {}
2026-02-19 06:10:33,901 - app.api.analysis - INFO - Successfully trained ensemble (MAPE: 0.0%)
2026-02-19 06:10:33,901 - app.api.analysis - ERROR - Training failed for job 3849de10-979d-4ac7-b1cc-08654bf9e046: No models available for prediction
2026-02-19 06:10:37,390 - app.main - INFO - 👉 Request: GET http://localhost:8000/api/analysis/status/23734179-90a8-4987-882f-d218a5849c0d | Origin: http://localhost:5174
2026-02-19 06:10:37,391 - app.main - INFO - 👉 Request: GET http://localhost:8000/api/analysis/status/3849de10-979d-4ac7-b1cc-08654bf9e046 | Origin: http://localhost:5174
2026-02-19 06:10:37,393 - app.main - INFO - 👈 Response: 200
INFO:     127.0.0.1:39460 - "GET /api/analysis/status/23734179-90a8-4987-882f-d218a5849c0d HTTP/1.1" 200 OK
2026-02-19 06:10:37,398 - app.main - INFO - 👈 Response: 200
INFO:     127.0.0.1:39478 - "GET /api/analysis/status/3849de10-979d-4ac7-b1cc-08654bf9e046 HTTP/1.1" 200 OK
2026-02-19 06:10:37,403 - app.main - INFO - 👉 Request: GET http://localhost:8000/api/analysis/status/23734179-90a8-4987-882f-d218a5849c0d | Origin: http://localhost:5174
2026-02-19 06:10:37,405 - app.main - INFO - 👉 Request: GET http://localhost:8000/api/analysis/status/3849de10-979d-4ac7-b1cc-08654bf9e046 | Origin: http://localhost:5174
2026-02-19 06:10:37,405 - app.main - INFO - 👈 Response: 200
INFO:     127.0.0.1:39460 - "GET /api/analysis/status/23734179-90a8-4987-882f-d218a5849c0d HTTP/1.1" 200 OK
2026-02-19 06:10:37,406 - app.main - INFO - 👈 Response: 200
INFO:     127.0.0.1:39478 - "GET /api/analysis/status/3849de10-979d-4ac7-b1cc-08654bf9e046 HTTP/1.1" 200 OK
2026-02-19 06:10:37,409 - app.main - INFO - 👉 Request: GET http://localhost:8000/api/analysis/status/23734179-90a8-4987-882f-d218a5849c0d | Origin: http://localhost:5174
2026-02-19 06:10:37,410 - app.main - INFO - 👈 Response: 200
INFO:     127.0.0.1:55954 - "GET /api/analysis/status/23734179-90a8-4987-882f-d218a5849c0d HTTP/1.1" 200 OK
2026-02-19 06:10:37,414 - app.main - INFO - 👉 Request: GET http://localhost:8000/api/analysis/status/3849de10-979d-4ac7-b1cc-08654bf9e046 | Origin: http://localhost:5174
2026-02-19 06:10:37,416 - app.main - INFO - 👉 Request: GET http://localhost:8000/api/analysis/status/23734179-90a8-4987-882f-d218a5849c0d | Origin: http://localhost:5174
2026-02-19 06:10:37,417 - app.main - INFO - 👈 Response: 200
INFO:     127.0.0.1:39478 - "GET /api/analysis/status/3849de10-979d-4ac7-b1cc-08654bf9e046 HTTP/1.1" 200 OK
2026-02-19 06:10:37,418 - app.main - INFO - 👈 Response: 200
INFO:     127.0.0.1:39460 - "GET /api/analysis/status/23734179-90a8-4987-882f-d218a5849c0d HTTP/1.1" 200 OK
2026-02-19 06:10:37,424 - app.main - INFO - 👉 Request: GET http://localhost:8000/api/analysis/status/23734179-90a8-4987-882f-d218a5849c0d | Origin: http://localhost:5174
2026-02-19 06:10:37,426 - app.main - INFO - 👈 Response: 200
INFO:     127.0.0.1:39460 - "GET /api/analysis/status/23734179-90a8-4987-882f-d218a5849c0d HTTP/1.1" 200 OK
2026-02-19 06:10:42,378 - app.main - INFO - 👉 Request: GET http://localhost:8000/api/analysis/status/3849de10-979d-4ac7-b1cc-08654bf9e046 | Origin: http://localhost:5174
2026-02-19 06:10:42,380 - app.main - INFO - 👈 Response: 200
INFO:     127.0.0.1:39460 - "GET /api/analysis/status/3849de10-979d-4ac7-b1cc-08654bf9e046 HTTP/1.1" 200 OK
WARNING:  WatchFiles detected changes in 'app/main.py'. Reloading...
INFO:     Shutting down
INFO:     Waiting for application shutdown.
2026-02-19 06:12:09,056 - app.main - INFO - 👋 Shutting down...
INFO:     Application shutdown complete.
INFO:     Finished server process [1244366]
Process SpawnProcess-2:
Traceback (most recent call last):
  File "/home/ibadat/miniconda3/lib/python3.13/multiprocessing/process.py", line 313, in _bootstrap
    self.run()
    ~~~~~~~~^^
  File "/home/ibadat/miniconda3/lib/python3.13/multiprocessing/process.py", line 108, in run
    self._target(*self._args, **self._kwargs)
    ~~~~~~~~~~~~^^^^^^^^^^^^^^^^^^^^^^^^^^^^^
  File "/media/ibadat/NewVolume/DATA SCIENCE/ML/DATASCIENCE PROJECTS/Demand Sales Walmart Forecasting/ml-forecast-saas/backend/venv/lib/python3.13/site-packages/uvicorn/_subprocess.py", line 80, in subprocess_started
    target(sockets=sockets)
    ~~~~~~^^^^^^^^^^^^^^^^^
  File "/media/ibadat/NewVolume/DATA SCIENCE/ML/DATASCIENCE PROJECTS/Demand Sales Walmart Forecasting/ml-forecast-saas/backend/venv/lib/python3.13/site-packages/uvicorn/server.py", line 67, in run
    return asyncio_run(self.serve(sockets=sockets), loop_factory=self.config.get_loop_factory())
  File "/home/ibadat/miniconda3/lib/python3.13/asyncio/runners.py", line 195, in run
    return runner.run(main)
           ~~~~~~~~~~^^^^^^
  File "/home/ibadat/miniconda3/lib/python3.13/asyncio/runners.py", line 118, in run
    return self._loop.run_until_complete(task)
           ~~~~~~~~~~~~~~~~~~~~~~~~~~~~~^^^^^^
  File "uvloop/loop.pyx", line 1518, in uvloop.loop.Loop.run_until_complete
  File "/media/ibadat/NewVolume/DATA SCIENCE/ML/DATASCIENCE PROJECTS/Demand Sales Walmart Forecasting/ml-forecast-saas/backend/venv/lib/python3.13/site-packages/uvicorn/server.py", line 71, in serve
    await self._serve(sockets)
  File "/media/ibadat/NewVolume/DATA SCIENCE/ML/DATASCIENCE PROJECTS/Demand Sales Walmart Forecasting/ml-forecast-saas/backend/venv/lib/python3.13/site-packages/uvicorn/server.py", line 78, in _serve
    config.load()
    ~~~~~~~~~~~^^
  File "/media/ibadat/NewVolume/DATA SCIENCE/ML/DATASCIENCE PROJECTS/Demand Sales Walmart Forecasting/ml-forecast-saas/backend/venv/lib/python3.13/site-packages/uvicorn/config.py", line 439, in load
    self.loaded_app = import_from_string(self.app)
                      ~~~~~~~~~~~~~~~~~~^^^^^^^^^^
  File "/media/ibadat/NewVolume/DATA SCIENCE/ML/DATASCIENCE PROJECTS/Demand Sales Walmart Forecasting/ml-forecast-saas/backend/venv/lib/python3.13/site-packages/uvicorn/importer.py", line 22, in import_from_string
    raise exc from None
  File "/media/ibadat/NewVolume/DATA SCIENCE/ML/DATASCIENCE PROJECTS/Demand Sales Walmart Forecasting/ml-forecast-saas/backend/venv/lib/python3.13/site-packages/uvicorn/importer.py", line 19, in import_from_string
    module = importlib.import_module(module_str)
  File "/home/ibadat/miniconda3/lib/python3.13/importlib/__init__.py", line 88, in import_module
    return _bootstrap._gcd_import(name[level:], package, level)
           ~~~~~~~~~~~~~~~~~~~~~~^^^^^^^^^^^^^^^^^^^^^^^^^^^^^^
  File "<frozen importlib._bootstrap>", line 1387, in _gcd_import
  File "<frozen importlib._bootstrap>", line 1360, in _find_and_load
  File "<frozen importlib._bootstrap>", line 1331, in _find_and_load_unlocked
  File "<frozen importlib._bootstrap>", line 935, in _load_unlocked
  File "<frozen importlib._bootstrap_external>", line 1027, in exec_module
  File "<frozen importlib._bootstrap>", line 488, in _call_with_frames_removed
  File "/media/ibadat/NewVolume/DATA SCIENCE/ML/DATASCIENCE PROJECTS/Demand Sales Walmart Forecasting/ml-forecast-saas/backend/app/main.py", line 79, in <module>
    from starlette.middleware.sessions import SessionMiddleware
  File "/media/ibadat/NewVolume/DATA SCIENCE/ML/DATASCIENCE PROJECTS/Demand Sales Walmart Forecasting/ml-forecast-saas/backend/venv/lib/python3.13/site-packages/starlette/middleware/sessions.py", line 7, in <module>
    import itsdangerous
ModuleNotFoundError: No module named 'itsdangerous'
INFO:     Stopping reloader process [1244363]
INFO:     Will watch for changes in these directories: ['/media/ibadat/NewVolume/DATA SCIENCE/ML/DATASCIENCE PROJECTS/Demand Sales Walmart Forecasting/ml-forecast-saas/backend']
INFO:     Uvicorn running on http://0.0.0.0:8000 (Press CTRL+C to quit)
INFO:     Started reloader process [1405380] using WatchFiles
Process SpawnProcess-1:
Traceback (most recent call last):
  File "/home/ibadat/miniconda3/lib/python3.13/multiprocessing/process.py", line 313, in _bootstrap
    self.run()
    ~~~~~~~~^^
  File "/home/ibadat/miniconda3/lib/python3.13/multiprocessing/process.py", line 108, in run
    self._target(*self._args, **self._kwargs)
    ~~~~~~~~~~~~^^^^^^^^^^^^^^^^^^^^^^^^^^^^^
  File "/media/ibadat/NewVolume/DATA SCIENCE/ML/DATASCIENCE PROJECTS/Demand Sales Walmart Forecasting/ml-forecast-saas/backend/venv/lib/python3.13/site-packages/uvicorn/_subprocess.py", line 80, in subprocess_started
    target(sockets=sockets)
    ~~~~~~^^^^^^^^^^^^^^^^^
  File "/media/ibadat/NewVolume/DATA SCIENCE/ML/DATASCIENCE PROJECTS/Demand Sales Walmart Forecasting/ml-forecast-saas/backend/venv/lib/python3.13/site-packages/uvicorn/server.py", line 67, in run
    return asyncio_run(self.serve(sockets=sockets), loop_factory=self.config.get_loop_factory())
  File "/home/ibadat/miniconda3/lib/python3.13/asyncio/runners.py", line 195, in run
    return runner.run(main)
           ~~~~~~~~~~^^^^^^
  File "/home/ibadat/miniconda3/lib/python3.13/asyncio/runners.py", line 118, in run
    return self._loop.run_until_complete(task)
           ~~~~~~~~~~~~~~~~~~~~~~~~~~~~~^^^^^^
  File "uvloop/loop.pyx", line 1518, in uvloop.loop.Loop.run_until_complete
  File "/media/ibadat/NewVolume/DATA SCIENCE/ML/DATASCIENCE PROJECTS/Demand Sales Walmart Forecasting/ml-forecast-saas/backend/venv/lib/python3.13/site-packages/uvicorn/server.py", line 71, in serve
    await self._serve(sockets)
  File "/media/ibadat/NewVolume/DATA SCIENCE/ML/DATASCIENCE PROJECTS/Demand Sales Walmart Forecasting/ml-forecast-saas/backend/venv/lib/python3.13/site-packages/uvicorn/server.py", line 78, in _serve
    config.load()
    ~~~~~~~~~~~^^
  File "/media/ibadat/NewVolume/DATA SCIENCE/ML/DATASCIENCE PROJECTS/Demand Sales Walmart Forecasting/ml-forecast-saas/backend/venv/lib/python3.13/site-packages/uvicorn/config.py", line 439, in load
    self.loaded_app = import_from_string(self.app)
                      ~~~~~~~~~~~~~~~~~~^^^^^^^^^^
  File "/media/ibadat/NewVolume/DATA SCIENCE/ML/DATASCIENCE PROJECTS/Demand Sales Walmart Forecasting/ml-forecast-saas/backend/venv/lib/python3.13/site-packages/uvicorn/importer.py", line 22, in import_from_string
    raise exc from None
  File "/media/ibadat/NewVolume/DATA SCIENCE/ML/DATASCIENCE PROJECTS/Demand Sales Walmart Forecasting/ml-forecast-saas/backend/venv/lib/python3.13/site-packages/uvicorn/importer.py", line 19, in import_from_string
    module = importlib.import_module(module_str)
  File "/home/ibadat/miniconda3/lib/python3.13/importlib/__init__.py", line 88, in import_module
    return _bootstrap._gcd_import(name[level:], package, level)
           ~~~~~~~~~~~~~~~~~~~~~~^^^^^^^^^^^^^^^^^^^^^^^^^^^^^^
  File "<frozen importlib._bootstrap>", line 1387, in _gcd_import
  File "<frozen importlib._bootstrap>", line 1360, in _find_and_load
  File "<frozen importlib._bootstrap>", line 1331, in _find_and_load_unlocked
  File "<frozen importlib._bootstrap>", line 935, in _load_unlocked
  File "<frozen importlib._bootstrap_external>", line 1027, in exec_module
  File "<frozen importlib._bootstrap>", line 488, in _call_with_frames_removed
  File "/media/ibadat/NewVolume/DATA SCIENCE/ML/DATASCIENCE PROJECTS/Demand Sales Walmart Forecasting/ml-forecast-saas/backend/app/main.py", line 79, in <module>
    from starlette.middleware.sessions import SessionMiddleware
  File "/media/ibadat/NewVolume/DATA SCIENCE/ML/DATASCIENCE PROJECTS/Demand Sales Walmart Forecasting/ml-forecast-saas/backend/venv/lib/python3.13/site-packages/starlette/middleware/sessions.py", line 7, in <module>
    import itsdangerous
ModuleNotFoundError: No module named 'itsdangerous'
INFO:     Stopping reloader process [1405380]
