🚀 Starting ML Forecast SaaS Application...
📦 Starting Backend API on port 8000...
✅ Virtual environment activated
INFO:     Will watch for changes in these directories: ['/media/ibadat/NewVolume/DATA SCIENCE/ML/DATASCIENCE PROJECTS/Demand Sales Walmart Forecasting/ml-forecast-saas/backend']
INFO:     Uvicorn running on http://0.0.0.0:8000 (Press CTRL+C to quit)
INFO:     Started reloader process [1406629] using WatchFiles
⚛️  Starting Frontend on port 5173...

✅ Application started successfully!
   Frontend: http://localhost:5173
   Backend:  http://localhost:8000
   API Docs: http://localhost:8000/docs
   Health:   http://localhost:8000/health

Press Ctrl+C to stop both servers

> frontend@0.0.0 dev
> vite


  VITE v7.3.1  ready in 1560 ms

  ➜  Local:   http://localhost:5173/
  ➜  Network: use --host to expose
2026-02-19 06:19:48,032 - prophet.plot - ERROR - Importing plotly failed. Interactive plots will not work.
2026-02-19 06:19:53,137 - app.api.analysis - INFO - Loaded 36 jobs from disk. Total in memory: 36 (was 0)
2026-02-19 06:19:58,333 - app.main - WARNING - Static directory not found at /media/ibadat/NewVolume/DATA SCIENCE/ML/DATASCIENCE PROJECTS/Demand Sales Walmart Forecasting/ml-forecast-saas/backend/app/static. Frontend will not be served.
INFO:     Started server process [1406640]
INFO:     Waiting for application startup.
2026-02-19 06:19:58,340 - app.main - INFO - 🚀 Starting ML Forecast SaaS v2.0.0
2026-02-19 06:19:58,342 - app.main - INFO - 📦 Environment: development
2026-02-19 06:19:58,343 - app.main - INFO - 🌐 CORS Origins: ['http://localhost:3000', 'http://localhost:5173', 'http://localhost:5174', 'https://*.vercel.app']
2026-02-19 06:19:58,454 - app.main - INFO - ✅ Local SQLite database initialized
2026-02-19 06:19:58,572 - app.utils.init_db - INFO - ✅ Default admin user already exists.
2026-02-19 06:19:58,602 - app.services.maintenance - INFO - System cleanup completed successfully
2026-02-19 06:19:58,604 - app.main - INFO - 🧹 System cleanup completed on startup
INFO:     Application startup complete.
2026-02-19 06:27:10,936 - app.main - INFO - 👉 Request: GET http://localhost:8000/api/health | Origin: None
2026-02-19 06:27:10,946 - app.main - INFO - 👈 Response: 200
INFO:     127.0.0.1:54440 - "GET /api/health HTTP/1.1" 200 OK
2026-02-19 06:37:02,112 - app.main - INFO - 👉 Request: OPTIONS http://localhost:8000/api/auth/login | Origin: http://localhost:5173
2026-02-19 06:37:02,113 - app.main - INFO - 👈 Response: 200
INFO:     127.0.0.1:56002 - "OPTIONS /api/auth/login HTTP/1.1" 200 OK
2026-02-19 06:37:02,118 - app.main - INFO - 👉 Request: POST http://localhost:8000/api/auth/login | Origin: http://localhost:5173
2026-02-19 06:37:02,124 - app.main - INFO - 👈 Response: 422
INFO:     127.0.0.1:56004 - "POST /api/auth/login HTTP/1.1" 422 Unprocessable Content
2026-02-19 06:38:20,765 - app.main - INFO - 👉 Request: POST http://localhost:8000/api/auth/login | Origin: http://localhost:5173
2026-02-19 06:38:20,767 - app.main - INFO - 👈 Response: 422
INFO:     127.0.0.1:39230 - "POST /api/auth/login HTTP/1.1" 422 Unprocessable Content
2026-02-19 06:39:22,616 - app.main - INFO - 👉 Request: POST http://localhost:8000/api/auth/login | Origin: http://localhost:5173
2026-02-19 06:39:22,625 - app.api.auth - INFO - 🔑 Login attempt for user: admin@forecast.ai
2026-02-19 06:39:22,670 - app.api.auth - WARNING - ❌ Login failed: Invalid credentials for admin@forecast.ai
2026-02-19 06:39:22,671 - app.main - INFO - 👈 Response: 401
INFO:     127.0.0.1:45716 - "POST /api/auth/login HTTP/1.1" 401 Unauthorized
2026-02-19 06:41:07,193 - app.main - INFO - 👉 Request: POST http://localhost:8000/api/auth/login | Origin: http://localhost:5173
2026-02-19 06:41:07,197 - app.api.auth - INFO - 🔑 Login attempt for user: admin
2026-02-19 06:41:07,200 - app.api.auth - WARNING - ❌ Login failed: Invalid credentials for admin
2026-02-19 06:41:07,200 - app.main - INFO - 👈 Response: 401
INFO:     127.0.0.1:58874 - "POST /api/auth/login HTTP/1.1" 401 Unauthorized
INFO:     Shutting down
INFO:     Waiting for application shutdown.
2026-02-19 06:43:53,116 - app.main - INFO - 👋 Shutting down...
INFO:     Application shutdown complete.
INFO:     Finished server process [1406640]
INFO:     Stopping reloader process [1406629]
